[0704/220722.113:ERROR:directory_reader_win.cc(43)] FindFirstFile: 지정된 경로를 찾을 수 없습니다. (0x3)
[0705/000635.933:ERROR:directory_reader_win.cc(43)] FindFirstFile: 지정된 경로를 찾을 수 없습니다. (0x3)
[0705/194343.221:ERROR:filesystem_win.cc(129)] GetFileAttributes C:\Users\michael\AppData\Local\Naver\Naver Whale\User Data\Crashpad\attachments\a3f28bdd-f6ad-4e42-a0ca-ac6b028dcb06: 지정된 경로를 찾을 수 없습니다. (0x3)
[0705/230310.168:ERROR:filesystem_win.cc(129)] GetFileAttributes C:\Users\michael\AppData\Local\Naver\Naver Whale\User Data\Crashpad\attachments\f101a7ec-b007-4612-91bf-c1fa8c661899: 지정된 경로를 찾을 수 없습니다. (0x3)
[0706/000635.979:ERROR:directory_reader_win.cc(43)] FindFirstFile: 지정된 경로를 찾을 수 없습니다. (0x3)
[0706/014151.814:ERROR:filesystem_win.cc(129)] GetFileAttributes C:\Users\michael\AppData\Local\Naver\Naver Whale\User Data\Crashpad\attachments\ead53c7b-caba-4a8b-bd01-bc5dc2f356ab: 지정된 경로를 찾을 수 없습니다. (0x3)
[0706/201409.475:ERROR:filesystem_win.cc(129)] GetFileAttributes C:\Users\michael\AppData\Local\Naver\Naver Whale\User Data\Crashpad\attachments\d7317eed-4b71-48cd-9552-ef9a5f6dc044: 지정된 경로를 찾을 수 없습니다. (0x3)
[0706/221340.187:ERROR:filesystem_win.cc(129)] GetFileAttributes C:\Users\michael\AppData\Local\Naver\Naver Whale\User Data\Crashpad\attachments\4be48442-2df0-4f2f-91aa-84132e1f4984: 지정된 경로를 찾을 수 없습니다. (0x3)
[0707/000617.179:ERROR:filesystem_win.cc(129)] GetFileAttributes C:\Users\michael\AppData\Local\Naver\Naver Whale\User Data\Crashpad\attachments\cd5d242a-f311-45a1-a74b-55facb183e79: 지정된 경로를 찾을 수 없습니다. (0x3)
[0707/000636.039:ERROR:directory_reader_win.cc(43)] FindFirstFile: 지정된 경로를 찾을 수 없습니다. (0x3)
[0707/024150.319:ERROR:filesystem_win.cc(129)] GetFileAttributes C:\Users\michael\AppData\Local\Naver\Naver Whale\User Data\Crashpad\attachments\5845c27d-6da9-418d-add5-ec7ffc06dc8c: 지정된 경로를 찾을 수 없습니다. (0x3)
[0707/235831.077:ERROR:filesystem_win.cc(129)] GetFileAttributes C:\Users\michael\AppData\Local\Naver\Naver Whale\User Data\Crashpad\attachments\4f5f2202-a3ba-4aa6-95ac-d34bb5ee6c1f: 지정된 경로를 찾을 수 없습니다. (0x3)
[0708/000636.163:ERROR:directory_reader_win.cc(43)] FindFirstFile: 지정된 경로를 찾을 수 없습니다. (0x3)
[0708/030813.408:ERROR:process_reader_win.cc(123)] NtOpenThread: {액세스 거부} 프로세스가 개체에 액세스를 요구했지만 액세스 권한이 없습니다. (0xc0000022)
[0708/030813.409:ERROR:exception_snapshot_win.cc(99)] thread ID 15596 not found in process
[0708/030813.409:ERROR:process_reader_win.cc(123)] NtOpenThread: {액세스 거부} 프로세스가 개체에 액세스를 요구했지만 액세스 권한이 없습니다. (0xc0000022)
[0708/030813.409:ERROR:exception_snapshot_win.cc(99)] thread ID 23656 not found in process
[0708/030813.409:ERROR:process_reader_win.cc(123)] NtOpenThread: {액세스 거부} 프로세스가 개체에 액세스를 요구했지만 액세스 권한이 없습니다. (0xc0000022)
[0708/030813.410:ERROR:exception_snapshot_win.cc(99)] thread ID 8224 not found in process
[0708/030813.414:ERROR:process_reader_win.cc(123)] NtOpenThread: {액세스 거부} 프로세스가 개체에 액세스를 요구했지만 액세스 권한이 없습니다. (0xc0000022)
[0708/030813.414:ERROR:exception_snapshot_win.cc(99)] thread ID 21008 not found in process
[0708/030813.425:ERROR:process_reader_win.cc(123)] NtOpenThread: {액세스 거부} 프로세스가 개체에 액세스를 요구했지만 액세스 권한이 없습니다. (0xc0000022)
[0708/030813.425:ERROR:exception_snapshot_win.cc(99)] thread ID 22660 not found in process
[0708/030813.427:ERROR:process_reader_win.cc(123)] NtOpenThread: {액세스 거부} 프로세스가 개체에 액세스를 요구했지만 액세스 권한이 없습니다. (0xc0000022)
[0708/030813.427:ERROR:exception_snapshot_win.cc(99)] thread ID 22100 not found in process
[0708/030813.431:ERROR:process_reader_win.cc(123)] NtOpenThread: {액세스 거부} 프로세스가 개체에 액세스를 요구했지만 액세스 권한이 없습니다. (0xc0000022)
[0708/030813.431:ERROR:exception_snapshot_win.cc(99)] thread ID 13160 not found in process
[0708/030813.431:ERROR:process_reader_win.cc(123)] NtOpenThread: {액세스 거부} 프로세스가 개체에 액세스를 요구했지만 액세스 권한이 없습니다. (0xc0000022)
[0708/030813.431:ERROR:exception_snapshot_win.cc(99)] thread ID 22196 not found in process
[0708/030813.441:ERROR:process_reader_win.cc(123)] NtOpenThread: {액세스 거부} 프로세스가 개체에 액세스를 요구했지만 액세스 권한이 없습니다. (0xc0000022)
[0708/030813.441:ERROR:exception_snapshot_win.cc(99)] thread ID 7964 not found in process
[0708/030813.442:ERROR:process_reader_win.cc(123)] NtOpenThread: {액세스 거부} 프로세스가 개체에 액세스를 요구했지만 액세스 권한이 없습니다. (0xc0000022)
[0708/030813.442:ERROR:process_reader_win.cc(123)] NtOpenThread: {액세스 거부} 프로세스가 개체에 액세스를 요구했지만 액세스 권한이 없습니다. (0xc0000022)
[0708/030813.442:ERROR:process_reader_win.cc(123)] NtOpenThread: {액세스 거부} 프로세스가 개체에 액세스를 요구했지만 액세스 권한이 없습니다. (0xc0000022)
[0708/030813.442:ERROR:exception_snapshot_win.cc(99)] thread ID 10288 not found in process
[0708/030813.442:ERROR:exception_snapshot_win.cc(99)] thread ID 304 not found in process
[0708/030813.442:ERROR:exception_snapshot_win.cc(99)] thread ID 21932 not found in process
[0708/030813.447:ERROR:process_reader_win.cc(123)] NtOpenThread: {액세스 거부} 프로세스가 개체에 액세스를 요구했지만 액세스 권한이 없습니다. (0xc0000022)
[0708/030813.448:ERROR:exception_snapshot_win.cc(99)] thread ID 19312 not found in process
[0708/030813.465:ERROR:process_info.cc(329)] VirtualQueryEx: 액세스가 거부되었습니다. (0x5)
[0708/030813.465:ERROR:process_info.cc(556)] ReadMemoryInfo failed
[0708/030813.465:ERROR:process_memory_win.cc(39)] Failed to initialize ProcessInfo.
[0708/030813.465:ERROR:scoped_process_suspend.cc(40)] NtResumeProcess: 기존 프로세스에 액세스하려고 했습니다. (0xc000010a)
[0716/054429.763:ERROR:directory_reader_win.cc(43)] FindFirstFile: 지정된 경로를 찾을 수 없습니다. (0x3)
[0716/194551.965:ERROR:filesystem_win.cc(129)] GetFileAttributes C:\Users\michael\AppData\Local\Naver\Naver Whale\User Data\Crashpad\attachments\930e5ddb-f9aa-4772-bdff-06b9ae81ad0e: 지정된 경로를 찾을 수 없습니다. (0x3)
[0716/222639.733:ERROR:filesystem_win.cc(129)] GetFileAttributes C:\Users\michael\AppData\Local\Naver\Naver Whale\User Data\Crashpad\attachments\f3347f9b-e1a0-4855-8ab1-9b950d44f1b3: 지정된 경로를 찾을 수 없습니다. (0x3)
[0717/002707.363:ERROR:filesystem_win.cc(129)] GetFileAttributes C:\Users\michael\AppData\Local\Naver\Naver Whale\User Data\Crashpad\attachments\598d0c57-8041-4993-b44d-a35fbe960f43: 지정된 경로를 찾을 수 없습니다. (0x3)
[0717/054429.804:ERROR:directory_reader_win.cc(43)] FindFirstFile: 지정된 경로를 찾을 수 없습니다. (0x3)
[0717/095608.659:ERROR:filesystem_win.cc(129)] GetFileAttributes C:\Users\michael\AppData\Local\Naver\Naver Whale\User Data\Crashpad\attachments\6c7ea5fe-91c6-4b81-a628-34eff5d0f941: 지정된 경로를 찾을 수 없습니다. (0x3)
[0718/054429.840:ERROR:directory_reader_win.cc(43)] FindFirstFile: 지정된 경로를 찾을 수 없습니다. (0x3)
[0718/082904.637:ERROR:filesystem_win.cc(129)] GetFileAttributes C:\Users\michael\AppData\Local\Naver\Naver Whale\User Data\Crashpad\attachments\16c29057-07e7-4aca-a497-6537d0fe8ae4: 지정된 경로를 찾을 수 없습니다. (0x3)
[0718/162827.802:ERROR:filesystem_win.cc(129)] GetFileAttributes C:\Users\michael\AppData\Local\Naver\Naver Whale\User Data\Crashpad\attachments\b0464337-70c7-41e7-826e-ad062a5b94db: 지정된 경로를 찾을 수 없습니다. (0x3)
[0718/191407.593:ERROR:filesystem_win.cc(129)] GetFileAttributes C:\Users\michael\AppData\Local\Naver\Naver Whale\User Data\Crashpad\attachments\a6517418-3a12-433b-adae-df1060fbe82e: 지정된 경로를 찾을 수 없습니다. (0x3)
[0718/205153.103:ERROR:filesystem_win.cc(129)] GetFileAttributes C:\Users\michael\AppData\Local\Naver\Naver Whale\User Data\Crashpad\attachments\b893012a-f762-4430-b4de-1f21df38981e: 지정된 경로를 찾을 수 없습니다. (0x3)
[0719/054429.896:ERROR:directory_reader_win.cc(43)] FindFirstFile: 지정된 경로를 찾을 수 없습니다. (0x3)
[0719/075824.201:ERROR:filesystem_win.cc(129)] GetFileAttributes C:\Users\michael\AppData\Local\Naver\Naver Whale\User Data\Crashpad\attachments\0686b7b4-8093-40c1-a7ac-0779379fc8ca: 지정된 경로를 찾을 수 없습니다. (0x3)
[0719/113644.992:ERROR:filesystem_win.cc(129)] GetFileAttributes C:\Users\michael\AppData\Local\Naver\Naver Whale\User Data\Crashpad\attachments\71cbe27d-fb1d-402f-ba62-dcda0a931780: 지정된 경로를 찾을 수 없습니다. (0x3)
[0719/132928.093:ERROR:filesystem_win.cc(129)] GetFileAttributes C:\Users\michael\AppData\Local\Naver\Naver Whale\User Data\Crashpad\attachments\027df7a3-7e6c-438d-8d86-ee4a771e30e2: 지정된 경로를 찾을 수 없습니다. (0x3)
[0719/183852.541:ERROR:directory_reader_win.cc(43)] FindFirstFile: 지정된 경로를 찾을 수 없습니다. (0x3)
[0719/203809.162:ERROR:filesystem_win.cc(129)] GetFileAttributes C:\Users\michael\AppData\Local\Naver\Naver Whale\User Data\Crashpad\attachments\1d114c29-0c23-4cdf-b985-00d3e6e47722: 지정된 경로를 찾을 수 없습니다. (0x3)
[0719/214929.264:ERROR:filesystem_win.cc(129)] GetFileAttributes C:\Users\michael\AppData\Local\Naver\Naver Whale\User Data\Crashpad\attachments\2353fc44-0ae8-4751-8fb1-70e33229bcf8: 지정된 경로를 찾을 수 없습니다. (0x3)
[0720/005453.750:ERROR:filesystem_win.cc(129)] GetFileAttributes C:\Users\michael\AppData\Local\Naver\Naver Whale\User Data\Crashpad\attachments\ff30c45a-a887-4612-85b3-9d96a22c45a5: 지정된 경로를 찾을 수 없습니다. (0x3)
[0720/183852.683:ERROR:directory_reader_win.cc(43)] FindFirstFile: 지정된 경로를 찾을 수 없습니다. (0x3)
